Build started 2/12/2017 9:22:41 PM.
     1>Project "D:\Projects\UALR\Research\Experiments\EndoscopeSLAM\Sources\VisualStudioProjects\Endoscope\Endoscope\Endoscope.vcxproj" on node 2 (Rebuild target(s)).
     1>ClCompile:
         C:\Program Files (x86)\Microsoft Visual Studio 12.0\VC\bin\x86_amd64\CL.exe /c /ID:\Dev\glm\include /ID:\Dev\glfw\include /ID:\Dev\glew\include /ID:\Dev\opencv32\include /Zi /nologo /W3 /WX- /sdl /Ox /Oi /GL /D _CRT_SECURE_NO_WARNINGS /Gm- /EHsc /MD /GS /Gy /fp:precise /Zc:wchar_t /Zc:forScope /Fo"D:\Projects\UALR\Research\Experiments\EndoscopeSLAM\Sources\VisualStudioProjects\Endoscope\Endoscope\x64\Release\\" /Fd"D:\Projects\UALR\Research\Experiments\EndoscopeSLAM\Sources\VisualStudioProjects\Endoscope\Endoscope\x64\Release\vc120.pdb" /Gd /TP /errorReport:prompt Camera.cpp fps.cpp Main.cpp Matrix.cpp PointCloud.cpp Render3D.cpp
         Camera.cpp
         fps.cpp
         Main.cpp
         Matrix.cpp
         PointCloud.cpp
         Render3D.cpp
       Link:
         C:\Program Files (x86)\Microsoft Visual Studio 12.0\VC\bin\x86_amd64\link.exe /ERRORREPORT:PROMPT /OUT:"D:\Projects\UALR\Research\Experiments\EndoscopeSLAM\Sources\VisualStudioProjects\Endoscope\Endoscope\x64\Release\Endoscope.exe" /NOLOGO /LIBPATH:D:\Dev\glew\lib /LIBPATH:"D:\Dev\glfw\lib-vc2013" /LIBPATH:D:\Dev\opencv32\x64\vc12\lib opencv_world320.lib opengl32.lib glu32.lib glew32.lib glfw3.lib kernel32.lib user32.lib gdi32.lib winspool.lib comdlg32.lib advapi32.lib shell32.lib ole32.lib oleaut32.lib uuid.lib odbc32.lib odbccp32.lib /MANIFEST /MANIFESTUAC:"level='asInvoker' uiAccess='false'" /manifest:embed /DEBUG /PDB:"D:\Projects\UALR\Research\Experiments\EndoscopeSLAM\Sources\VisualStudioProjects\Endoscope\Endoscope\x64\Release\Endoscope.pdb" /OPT:REF /OPT:ICF /LTCG /TLBID:1 /DYNAMICBASE /NXCOMPAT /IMPLIB:"D:\Projects\UALR\Research\Experiments\EndoscopeSLAM\Sources\VisualStudioProjects\Endoscope\Endoscope\x64\Release\Endoscope.lib" /MACHINE:X64 D:\Projects\UALR\Research\Experiments\EndoscopeSLAM\Sources\VisualStudioProjects\Endoscope\Endoscope\x64\Release\Camera.obj
         D:\Projects\UALR\Research\Experiments\EndoscopeSLAM\Sources\VisualStudioProjects\Endoscope\Endoscope\x64\Release\fps.obj
         D:\Projects\UALR\Research\Experiments\EndoscopeSLAM\Sources\VisualStudioProjects\Endoscope\Endoscope\x64\Release\Main.obj
         D:\Projects\UALR\Research\Experiments\EndoscopeSLAM\Sources\VisualStudioProjects\Endoscope\Endoscope\x64\Release\Matrix.obj
         D:\Projects\UALR\Research\Experiments\EndoscopeSLAM\Sources\VisualStudioProjects\Endoscope\Endoscope\x64\Release\PointCloud.obj
         D:\Projects\UALR\Research\Experiments\EndoscopeSLAM\Sources\VisualStudioProjects\Endoscope\Endoscope\x64\Release\Render3D.obj
         Generating code
         Finished generating code
         Endoscope.vcxproj -> D:\Projects\UALR\Research\Experiments\EndoscopeSLAM\Sources\VisualStudioProjects\Endoscope\Endoscope\x64\Release\Endoscope.exe
     1>Done Building Project "D:\Projects\UALR\Research\Experiments\EndoscopeSLAM\Sources\VisualStudioProjects\Endoscope\Endoscope\Endoscope.vcxproj" (Rebuild target(s)).

Build succeeded.

Time Elapsed 00:00:05.90
